======================================================================
SALINE VALIDATION — Using DI-water optimal params
======================================================================
  Mass transfer: δ_gas=10mm, δ_liq=100μm, A/V=13.30 m⁻¹
  Gas overrides: HONO=6.219e+14, HONO2=6.761e+14, H2O2=1.061e+15
  Solution: 0.9% NaCl (Cl⁻ = 0.154 M)
  CSV: 361 timesteps from 1kHz3.2kVpp.csv
2026-03-12 17:35:40 - plasma_liquid - INFO - Loaded 101 reactions from /home/hawn/work/plasma_liquid/Ver3/reactions_full.yaml
2026-03-12 17:35:41 - plasma_liquid - INFO - Loaded 92 saline reactions (total: 193)
  Reactions: 193 (base + saline Cl reactions)

 Step    Time      pH        NO2-        NO3-        H2O2          OH          O3        HClO   elapsed
---------------------------------------------------------------------------------------------------------
    0       0    7.00       0.017       0.018       0.030   3.231e-16   1.357e-19   1.588e-12      5.0s
   60      60    5.26       0.829       6.720       1.859   7.014e-17   9.909e-09   1.187e-10    221.5s
  120     120    4.85       1.435      16.760       3.682   9.412e-15   6.457e-09   5.577e-10    457.6s
  180     180    4.63       1.935      27.703       5.502   4.489e-15   4.828e-09   5.278e-10    694.2s
  240     240    4.47       2.365      39.174       7.317   1.448e-14   3.740e-09   4.812e-10    985.1s
  300     300    4.36       2.749      51.136       9.128   1.453e-14   2.969e-09   5.765e-10   1189.4s
  360     360    4.26       3.095      63.404      10.937   1.351e-14   2.468e-09   3.455e-10   1407.1s

======================================================================
SALINE SIMULATION RESULTS (t = 360s)
======================================================================

                     Simulation    Experiment       Error
  -------------------------------------------------------
  pH                      4.263         3.600      +0.663
  NO2- (μM)               3.095         0.000      +3.095
  NO3- (μM)              63.404       102.000     -38.596
  H2O2 (μM)              10.937         5.000      +5.937

  Cl⁻ final: 0.1540 M (initial: 0.154 M, change: +0.000 mM)

  Elapsed: 1407.1s
  Results saved to: /home/hawn/work/plasma_liquid/Ver3/saline_results.csv
